# JRE version: Java(TM) SE Runtime Environment (8.0_131-b11) (build 1.8.0_131-b11)
# Java VM: Java HotSpot(TM) 64-Bit Server VM (25.131-b11 mixed mode windows-amd64 compressed oops)
Heap:
 PSYoungGen      total 61440K, used 17185K [0x00000000d5c00000, 0x00000000dab80000, 0x0000000100000000)
  eden space 57344K, 23% used [0x00000000d5c00000,0x00000000d6946280,0x00000000d9400000)
  from space 4096K, 87% used [0x00000000da780000,0x00000000dab02518,0x00000000dab80000)
  to   space 11264K, 0% used [0x00000000d9580000,0x00000000d9580000,0x00000000da080000)
 ParOldGen       total 57344K, used 9951K [0x0000000081400000, 0x0000000084c00000, 0x00000000d5c00000)
  object space 57344K, 17% used [0x0000000081400000,0x0000000081db7df8,0x0000000084c00000)
 Metaspace       used 24945K, capacity 25226K, committed 25472K, reserved 1071104K
  class space    used 3500K, capacity 3613K, committed 3712K, reserved 1048576K
GC Heap History (10 events):
Event: 2.489 GC heap before
{Heap before GC invocations=3 (full 0):
 PSYoungGen      total 38400K, used 38392K [0x00000000d5c00000, 0x00000000d8680000, 0x0000000100000000)
  eden space 33280K, 100% used [0x00000000d5c00000,0x00000000d7c80000,0x00000000d7c80000)
  from space 5120K, 99% used [0x00000000d8180000,0x00000000d867e370,0x00000000d8680000)
  to   space 5120K, 0% used [0x00000000d7c80000,0x00000000d7c80000,0x00000000d8180000)
 ParOldGen       total 87552K, used 440K [0x0000000081400000, 0x0000000086980000, 0x00000000d5c00000)
  object space 87552K, 0% used [0x0000000081400000,0x000000008146e128,0x0000000086980000)
 Metaspace       used 17361K, capacity 17666K, committed 17920K, reserved 1064960K
  class space    used 2378K, capacity 2476K, committed 2560K, reserved 1048576K
Event: 2.500 GC heap after
Heap after GC invocations=3 (full 0):
 PSYoungGen      total 38400K, used 5104K [0x00000000d5c00000, 0x00000000d8680000, 0x0000000100000000)
  eden space 33280K, 0% used [0x00000000d5c00000,0x00000000d5c00000,0x00000000d7c80000)
  from space 5120K, 99% used [0x00000000d7c80000,0x00000000d817c010,0x00000000d8180000)
  to   space 5120K, 0% used [0x00000000d8180000,0x00000000d8180000,0x00000000d8680000)
 ParOldGen       total 87552K, used 4744K [0x0000000081400000, 0x0000000086980000, 0x00000000d5c00000)
  object space 87552K, 5% used [0x0000000081400000,0x00000000818a2080,0x0000000086980000)
 Metaspace       used 17361K, capacity 17666K, committed 17920K, reserved 1064960K
  class space    used 2378K, capacity 2476K, committed 2560K, reserved 1048576K
}
Event: 4.606 GC heap before
{Heap before GC invocations=4 (full 0):
 PSYoungGen      total 38400K, used 38384K [0x00000000d5c00000, 0x00000000d8680000, 0x0000000100000000)
  eden space 33280K, 100% used [0x00000000d5c00000,0x00000000d7c80000,0x00000000d7c80000)
  from space 5120K, 99% used [0x00000000d7c80000,0x00000000d817c010,0x00000000d8180000)
  to   space 5120K, 0% used [0x00000000d8180000,0x00000000d8180000,0x00000000d8680000)
 ParOldGen       total 87552K, used 4744K [0x0000000081400000, 0x0000000086980000, 0x00000000d5c00000)
  object space 87552K, 5% used [0x0000000081400000,0x00000000818a2080,0x0000000086980000)
 Metaspace       used 20916K, capacity 21088K, committed 21296K, reserved 1067008K
  class space    used 2863K, capacity 2932K, committed 2944K, reserved 1048576K
Event: 4.634 GC heap after
Heap after GC invocations=4 (full 0):
 PSYoungGen      total 38400K, used 5104K [0x00000000d5c00000, 0x00000000da700000, 0x0000000100000000)
  eden space 33280K, 0% used [0x00000000d5c00000,0x00000000d5c00000,0x00000000d7c80000)
  from space 5120K, 99% used [0x00000000d8180000,0x00000000d867c040,0x00000000d8680000)
  to   space 5120K, 0% used [0x00000000d7c80000,0x00000000d7c80000,0x00000000d8180000)
 ParOldGen       total 87552K, used 8675K [0x0000000081400000, 0x0000000086980000, 0x00000000d5c00000)
  object space 87552K, 9% used [0x0000000081400000,0x0000000081c78f88,0x0000000086980000)
 Metaspace       used 20916K, capacity 21088K, committed 21296K, reserved 1067008K
  class space    used 2863K, capacity 2932K, committed 2944K, reserved 1048576K
}
Event: 4.648 GC heap before
{Heap before GC invocations=5 (full 0):
 PSYoungGen      total 38400K, used 5754K [0x00000000d5c00000, 0x00000000da700000, 0x0000000100000000)
  eden space 33280K, 1% used [0x00000000d5c00000,0x00000000d5ca2a98,0x00000000d7c80000)
  from space 5120K, 99% used [0x00000000d8180000,0x00000000d867c040,0x00000000d8680000)
  to   space 5120K, 0% used [0x00000000d7c80000,0x00000000d7c80000,0x00000000d8180000)
 ParOldGen       total 87552K, used 8675K [0x0000000081400000, 0x0000000086980000, 0x00000000d5c00000)
  object space 87552K, 9% used [0x0000000081400000,0x0000000081c78f88,0x0000000086980000)
 Metaspace       used 20959K, capacity 21158K, committed 21296K, reserved 1067008K
  class space    used 2871K, capacity 2934K, committed 2944K, reserved 1048576K
Event: 4.663 GC heap after
Heap after GC invocations=5 (full 0):
 PSYoungGen      total 38400K, used 5104K [0x00000000d5c00000, 0x00000000db200000, 0x0000000100000000)
  eden space 33280K, 0% used [0x00000000d5c00000,0x00000000d5c00000,0x00000000d7c80000)
  from space 5120K, 99% used [0x00000000d7c80000,0x00000000d817c060,0x00000000d8180000)
  to   space 10752K, 0% used [0x00000000da780000,0x00000000da780000,0x00000000db200000)
 ParOldGen       total 87552K, used 8809K [0x0000000081400000, 0x0000000086980000, 0x00000000d5c00000)
  object space 87552K, 10% used [0x0000000081400000,0x0000000081c9a6f0,0x0000000086980000)
 Metaspace       used 20959K, capacity 21158K, committed 21296K, reserved 1067008K
  class space    used 2871K, capacity 2934K, committed 2944K, reserved 1048576K
}
Event: 4.663 GC heap before
{Heap before GC invocations=6 (full 1):
 PSYoungGen      total 38400K, used 5104K [0x00000000d5c00000, 0x00000000db200000, 0x0000000100000000)
  eden space 33280K, 0% used [0x00000000d5c00000,0x00000000d5c00000,0x00000000d7c80000)
  from space 5120K, 99% used [0x00000000d7c80000,0x00000000d817c060,0x00000000d8180000)
  to   space 10752K, 0% used [0x00000000da780000,0x00000000da780000,0x00000000db200000)
 ParOldGen       total 87552K, used 8809K [0x0000000081400000, 0x0000000086980000, 0x00000000d5c00000)
  object space 87552K, 10% used [0x0000000081400000,0x0000000081c9a6f0,0x0000000086980000)
 Metaspace       used 20959K, capacity 21158K, committed 21296K, reserved 1067008K
  class space    used 2871K, capacity 2934K, committed 2944K, reserved 1048576K
Event: 4.851 GC heap after
Heap after GC invocations=6 (full 1):
 PSYoungGen      total 38400K, used 0K [0x00000000d5c00000, 0x00000000db200000, 0x0000000100000000)
  eden space 33280K, 0% used [0x00000000d5c00000,0x00000000d5c00000,0x00000000d7c80000)
  from space 5120K, 0% used [0x00000000d7c80000,0x00000000d7c80000,0x00000000d8180000)
  to   space 10752K, 0% used [0x00000000da780000,0x00000000da780000,0x00000000db200000)
 ParOldGen       total 57344K, used 9951K [0x0000000081400000, 0x0000000084c00000, 0x00000000d5c00000)
  object space 57344K, 17% used [0x0000000081400000,0x0000000081db7df8,0x0000000084c00000)
 Metaspace       used 20959K, capacity 21158K, committed 21296K, reserved 1067008K
  class space    used 2871K, capacity 2934K, committed 2944K, reserved 1048576K
}
Event: 5.998 GC heap before
{Heap before GC invocations=7 (full 1):
 PSYoungGen      total 38400K, used 33280K [0x00000000d5c00000, 0x00000000db200000, 0x0000000100000000)
  eden space 33280K, 100% used [0x00000000d5c00000,0x00000000d7c80000,0x00000000d7c80000)
  from space 5120K, 0% used [0x00000000d7c80000,0x00000000d7c80000,0x00000000d8180000)
  to   space 10752K, 0% used [0x00000000da780000,0x00000000da780000,0x00000000db200000)
 ParOldGen       total 57344K, used 9951K [0x0000000081400000, 0x0000000084c00000, 0x00000000d5c00000)
  object space 57344K, 17% used [0x0000000081400000,0x0000000081db7df8,0x0000000084c00000)
 Metaspace       used 23560K, capacity 23842K, committed 24192K, reserved 1071104K
  class space    used 3296K, capacity 3419K, committed 3456K, reserved 1048576K
Event: 6.011 GC heap after
Heap after GC invocations=7 (full 1):
 PSYoungGen      total 61440K, used 3593K [0x00000000d5c00000, 0x00000000dab80000, 0x0000000100000000)
  eden space 57344K, 0% used [0x00000000d5c00000,0x00000000d5c00000,0x00000000d9400000)
  from space 4096K, 87% used [0x00000000da780000,0x00000000dab02518,0x00000000dab80000)
  to   space 11264K, 0% used [0x00000000d9580000,0x00000000d9580000,0x00000000da080000)
 ParOldGen       total 57344K, used 9951K [0x0000000081400000, 0x0000000084c00000, 0x00000000d5c00000)
  object space 57344K, 17% used [0x0000000081400000,0x0000000081db7df8,0x0000000084c00000)
 Metaspace       used 23560K, capacity 23842K, committed 24192K, reserved 1071104K
  class space    used 3296K, capacity 3419K, committed 3456K, reserved 1048576K
}

